<?xml version="1.0" encoding="UTF-8"?>
<testsuite name="tw.elliot.dao.jdbc.L2UserDaoTest" tests="1" skipped="0" failures="0" errors="0" timestamp="2017-02-20T04:55:00" hostname="Elliots-MacBook-Pro.local" time="0.015">
  <properties/>
  <testcase name="testInit" classname="tw.elliot.dao.jdbc.L2UserDaoTest" time="0.015"/>
  <system-out><![CDATA[12:55:00.009 [Test worker] INFO  org.springframework.test.context.support.DefaultTestContextBootstrapper - Loaded default TestExecutionListener class names from location [META-INF/spring.factories]: [org.springframework.test.context.web.ServletTestExecutionListener, org.springframework.test.context.support.DirtiesContextBeforeModesTestExecutionListener, org.springframework.test.context.support.DependencyInjectionTestExecutionListener, org.springframework.test.context.support.DirtiesContextTestExecutionListener, org.springframework.test.context.transaction.TransactionalTestExecutionListener, org.springframework.test.context.jdbc.SqlScriptsTestExecutionListener]
12:55:00.009 [Test worker] INFO  org.springframework.test.context.support.DefaultTestContextBootstrapper - Using TestExecutionListeners: [org.springframework.test.context.web.ServletTestExecutionListener@7041c056, org.springframework.test.context.support.DirtiesContextBeforeModesTestExecutionListener@718c5532, org.springframework.test.context.support.DependencyInjectionTestExecutionListener@26673e13, org.springframework.test.context.support.DirtiesContextTestExecutionListener@24742e26, org.springframework.test.context.transaction.TransactionalTestExecutionListener@5ac9198e, org.springframework.test.context.jdbc.SqlScriptsTestExecutionListener@497fe220]
12:55:00.027 [Test worker] INFO  org.springframework.test.context.transaction.TransactionContext - Began transaction (1) for test context [DefaultTestContext@21fe6c69 testClass = L2UserDaoTest, testInstance = tw.elliot.dao.jdbc.L2UserDaoTest@748f3573, testMethod = testInit@L2UserDaoTest, testException = [null], mergedContextConfiguration = [MergedContextConfiguration@5677daba testClass = L2UserDaoTest, locations = '{classpath:/tw/elliot/dao/jdbc/JdbcContext.xml}', classes = '{}', contextInitializerClasses = '[]', activeProfiles = '{}', propertySourceLocations = '{}', propertySourceProperties = '{}', contextCustomizers = set[[empty]], contextLoader = 'org.springframework.test.context.support.DelegatingSmartContextLoader', parent = [null]]]; transaction manager [org.springframework.jdbc.datasource.DataSourceTransactionManager@46885252]; rollback [true]
12:55:00.037 [Test worker] INFO  org.springframework.test.context.transaction.TransactionContext - Rolled back transaction for test context [DefaultTestContext@21fe6c69 testClass = L2UserDaoTest, testInstance = tw.elliot.dao.jdbc.L2UserDaoTest@748f3573, testMethod = testInit@L2UserDaoTest, testException = [null], mergedContextConfiguration = [MergedContextConfiguration@5677daba testClass = L2UserDaoTest, locations = '{classpath:/tw/elliot/dao/jdbc/JdbcContext.xml}', classes = '{}', contextInitializerClasses = '[]', activeProfiles = '{}', propertySourceLocations = '{}', propertySourceProperties = '{}', contextCustomizers = set[[empty]], contextLoader = 'org.springframework.test.context.support.DelegatingSmartContextLoader', parent = [null]]].
]]></system-out>
  <system-err><![CDATA[]]></system-err>
</testsuite>
