<?xml version="1.0" encoding="UTF-8"?>
<testsuite name="tw.elliot.util.DBUtilsTest" tests="2" skipped="0" failures="0" errors="0" timestamp="2017-02-20T04:55:01" hostname="Elliots-MacBook-Pro.local" time="0.005">
  <properties/>
  <testcase name="testGetDataSourceConnection" classname="tw.elliot.util.DBUtilsTest" time="0.002"/>
  <testcase name="testGetDriverManagerConnection" classname="tw.elliot.util.DBUtilsTest" time="0.002"/>
  <system-out><![CDATA[]]></system-out>
  <system-err><![CDATA[]]></system-err>
</testsuite>
