<?xml version="1.0" encoding="UTF-8"?>
<testsuite name="tw.elliot.dao.jdbc.L3UserDao2Test" tests="1" skipped="0" failures="0" errors="0" timestamp="2017-02-20T04:55:00" hostname="Elliots-MacBook-Pro.local" time="0.02">
  <properties/>
  <testcase name="testInit" classname="tw.elliot.dao.jdbc.L3UserDao2Test" time="0.02"/>
  <system-out><![CDATA[12:55:00.044 [Test worker] INFO  org.springframework.test.context.support.DefaultTestContextBootstrapper - Loaded default TestExecutionListener class names from location [META-INF/spring.factories]: [org.springframework.test.context.web.ServletTestExecutionListener, org.springframework.test.context.support.DirtiesContextBeforeModesTestExecutionListener, org.springframework.test.context.support.DependencyInjectionTestExecutionListener, org.springframework.test.context.support.DirtiesContextTestExecutionListener, org.springframework.test.context.transaction.TransactionalTestExecutionListener, org.springframework.test.context.jdbc.SqlScriptsTestExecutionListener]
12:55:00.045 [Test worker] INFO  org.springframework.test.context.support.DefaultTestContextBootstrapper - Using TestExecutionListeners: [org.springframework.test.context.web.ServletTestExecutionListener@144c92bc, org.springframework.test.context.support.DirtiesContextBeforeModesTestExecutionListener@127eec54, org.springframework.test.context.support.DependencyInjectionTestExecutionListener@32a43a86, org.springframework.test.context.support.DirtiesContextTestExecutionListener@650cf647, org.springframework.test.context.transaction.TransactionalTestExecutionListener@15a54128, org.springframework.test.context.jdbc.SqlScriptsTestExecutionListener@70dc0384]
12:55:00.046 [Test worker] INFO  org.springframework.beans.factory.xml.XmlBeanDefinitionReader - Loading XML bean definitions from class path resource [tw/elliot/dao/jdbc/JdbcDiContext.xml]
12:55:00.071 [Test worker] INFO  org.springframework.context.support.GenericApplicationContext - Refreshing org.springframework.context.support.GenericApplicationContext@633f6713: startup date [Mon Feb 20 12:55:00 CST 2017]; root of context hierarchy
12:55:00.079 [Test worker] INFO  org.springframework.context.support.PropertySourcesPlaceholderConfigurer - Loading properties file from class path resource [tw/elliot/dao/jdbc/system.properties]
12:55:00.155 [Test worker] INFO  com.mchange.v2.c3p0.impl.AbstractPoolBackedDataSource - Initializing c3p0 pool... com.mchange.v2.c3p0.ComboPooledDataSource [ acquireIncrement -> 3, acquireRetryAttempts -> 30, acquireRetryDelay -> 1000, autoCommitOnClose -> false, automaticTestTable -> null, breakAfterAcquireFailure -> false, checkoutTimeout -> 0, connectionCustomizerClassName -> null, connectionTesterClassName -> com.mchange.v2.c3p0.impl.DefaultConnectionTester, contextClassLoaderSource -> caller, dataSourceName -> 1hge3359moxpklxgxke6|6fdabb41, debugUnreturnedConnectionStackTraces -> false, description -> null, driverClass -> org.h2.Driver, extensions -> {}, factoryClassLocation -> null, forceIgnoreUnresolvedTransactions -> false, forceSynchronousCheckins -> false, forceUseNamedDriverClass -> false, identityToken -> 1hge3359moxpklxgxke6|6fdabb41, idleConnectionTestPeriod -> 0, initialPoolSize -> 3, jdbcUrl -> jdbc:h2:tcp://localhost/~/test, maxAdministrativeTaskTime -> 0, maxConnectionAge -> 0, maxIdleTime -> 0, maxIdleTimeExcessConnections -> 0, maxPoolSize -> 15, maxStatements -> 0, maxStatementsPerConnection -> 0, minPoolSize -> 3, numHelperThreads -> 3, preferredTestQuery -> null, privilegeSpawnedThreads -> false, properties -> {user=******, password=******}, propertyCycle -> 0, statementCacheNumDeferredCloseThreads -> 0, testConnectionOnCheckin -> false, testConnectionOnCheckout -> false, unreturnedConnectionTimeout -> 0, userOverrides -> {}, usesTraditionalReflectiveProxies -> false ]
12:55:00.159 [Test worker] INFO  org.springframework.test.context.transaction.TransactionContext - Began transaction (1) for test context [DefaultTestContext@1a27a180 testClass = L3UserDao2Test, testInstance = tw.elliot.dao.jdbc.L3UserDao2Test@b2eaf47, testMethod = testInit@L3UserDao2Test, testException = [null], mergedContextConfiguration = [MergedContextConfiguration@4c11e63e testClass = L3UserDao2Test, locations = '{classpath:/tw/elliot/dao/jdbc/JdbcDiContext.xml}', classes = '{}', contextInitializerClasses = '[]', activeProfiles = '{}', propertySourceLocations = '{}', propertySourceProperties = '{}', contextCustomizers = set[[empty]], contextLoader = 'org.springframework.test.context.support.DelegatingSmartContextLoader', parent = [null]]]; transaction manager [org.springframework.jdbc.datasource.DataSourceTransactionManager@48b7f598]; rollback [true]
12:55:00.167 [Test worker] INFO  org.springframework.test.context.transaction.TransactionContext - Rolled back transaction for test context [DefaultTestContext@1a27a180 testClass = L3UserDao2Test, testInstance = tw.elliot.dao.jdbc.L3UserDao2Test@b2eaf47, testMethod = testInit@L3UserDao2Test, testException = [null], mergedContextConfiguration = [MergedContextConfiguration@4c11e63e testClass = L3UserDao2Test, locations = '{classpath:/tw/elliot/dao/jdbc/JdbcDiContext.xml}', classes = '{}', contextInitializerClasses = '[]', activeProfiles = '{}', propertySourceLocations = '{}', propertySourceProperties = '{}', contextCustomizers = set[[empty]], contextLoader = 'org.springframework.test.context.support.DelegatingSmartContextLoader', parent = [null]]].
]]></system-out>
  <system-err><![CDATA[]]></system-err>
</testsuite>
