<?xml version="1.0" encoding="UTF-8"?>
<testsuite name="tw.elliot.dao.hibernate.CfgTest" tests="1" skipped="0" failures="1" errors="0" timestamp="2017-02-20T04:54:47" hostname="Elliots-MacBook-Pro.local" time="0.438">
  <properties/>
  <testcase name="test" classname="tw.elliot.dao.hibernate.CfgTest" time="0.438">
    <failure message="org.hibernate.boot.MappingNotFoundException: Mapping (RESOURCE) not found : tw/elliot/domain/User.hbm.xml : origin(tw/elliot/domain/User.hbm.xml)" type="org.hibernate.boot.MappingNotFoundException">org.hibernate.boot.MappingNotFoundException: Mapping (RESOURCE) not found : tw/elliot/domain/User.hbm.xml : origin(tw/elliot/domain/User.hbm.xml)
	at org.hibernate.boot.spi.XmlMappingBinderAccess.bind(XmlMappingBinderAccess.java:56)
	at org.hibernate.boot.MetadataSources.addResource(MetadataSources.java:274)
	at org.hibernate.boot.cfgxml.spi.MappingReference.apply(MappingReference.java:70)
	at org.hibernate.boot.internal.MetadataBuilderImpl.build(MetadataBuilderImpl.java:413)
	at org.hibernate.boot.internal.MetadataBuilderImpl.build(MetadataBuilderImpl.java:87)
	at org.hibernate.cfg.Configuration.buildSessionFactory(Configuration.java:691)
	at org.hibernate.cfg.Configuration.buildSessionFactory(Configuration.java:726)
	at tw.elliot.dao.hibernate.CfgTest.test(CfgTest.java:26)
	at sun.reflect.NativeMethodAccessorImpl.invoke0(Native Method)
	at sun.reflect.NativeMethodAccessorImpl.invoke(NativeMethodAccessorImpl.java:62)
	at sun.reflect.DelegatingMethodAccessorImpl.invoke(DelegatingMethodAccessorImpl.java:43)
	at java.lang.reflect.Method.invoke(Method.java:498)
	at org.junit.runners.model.FrameworkMethod$1.runReflectiveCall(FrameworkMethod.java:50)
	at org.junit.internal.runners.model.ReflectiveCallable.run(ReflectiveCallable.java:12)
	at org.junit.runners.model.FrameworkMethod.invokeExplosively(FrameworkMethod.java:47)
	at org.junit.internal.runners.statements.InvokeMethod.evaluate(InvokeMethod.java:17)
	at org.junit.runners.ParentRunner.runLeaf(ParentRunner.java:325)
	at org.junit.runners.BlockJUnit4ClassRunner.runChild(BlockJUnit4ClassRunner.java:78)
	at org.junit.runners.BlockJUnit4ClassRunner.runChild(BlockJUnit4ClassRunner.java:57)
	at org.junit.runners.ParentRunner$3.run(ParentRunner.java:290)
	at org.junit.runners.ParentRunner$1.schedule(ParentRunner.java:71)
	at org.junit.runners.ParentRunner.runChildren(ParentRunner.java:288)
	at org.junit.runners.ParentRunner.access$000(ParentRunner.java:58)
	at org.junit.runners.ParentRunner$2.evaluate(ParentRunner.java:268)
	at org.junit.runners.ParentRunner.run(ParentRunner.java:363)
	at org.gradle.api.internal.tasks.testing.junit.JUnitTestClassExecuter.runTestClass(JUnitTestClassExecuter.java:114)
	at org.gradle.api.internal.tasks.testing.junit.JUnitTestClassExecuter.execute(JUnitTestClassExecuter.java:57)
	at org.gradle.api.internal.tasks.testing.junit.JUnitTestClassProcessor.processTestClass(JUnitTestClassProcessor.java:66)
	at org.gradle.api.internal.tasks.testing.SuiteTestClassProcessor.processTestClass(SuiteTestClassProcessor.java:51)
	at sun.reflect.NativeMethodAccessorImpl.invoke0(Native Method)
	at sun.reflect.NativeMethodAccessorImpl.invoke(NativeMethodAccessorImpl.java:62)
	at sun.reflect.DelegatingMethodAccessorImpl.invoke(DelegatingMethodAccessorImpl.java:43)
	at java.lang.reflect.Method.invoke(Method.java:498)
	at org.gradle.internal.dispatch.ReflectionDispatch.dispatch(ReflectionDispatch.java:35)
	at org.gradle.internal.dispatch.ReflectionDispatch.dispatch(ReflectionDispatch.java:24)
	at org.gradle.internal.dispatch.ContextClassLoaderDispatch.dispatch(ContextClassLoaderDispatch.java:32)
	at org.gradle.internal.dispatch.ProxyDispatchAdapter$DispatchingInvocationHandler.invoke(ProxyDispatchAdapter.java:93)
	at com.sun.proxy.$Proxy3.processTestClass(Unknown Source)
	at org.gradle.api.internal.tasks.testing.worker.TestWorker.processTestClass(TestWorker.java:109)
	at sun.reflect.NativeMethodAccessorImpl.invoke0(Native Method)
	at sun.reflect.NativeMethodAccessorImpl.invoke(NativeMethodAccessorImpl.java:62)
	at sun.reflect.DelegatingMethodAccessorImpl.invoke(DelegatingMethodAccessorImpl.java:43)
	at java.lang.reflect.Method.invoke(Method.java:498)
	at org.gradle.internal.dispatch.ReflectionDispatch.dispatch(ReflectionDispatch.java:35)
	at org.gradle.internal.dispatch.ReflectionDispatch.dispatch(ReflectionDispatch.java:24)
	at org.gradle.internal.remote.internal.hub.MessageHub$Handler.run(MessageHub.java:377)
	at org.gradle.internal.concurrent.ExecutorPolicy$CatchAndRecordFailures.onExecute(ExecutorPolicy.java:54)
	at org.gradle.internal.concurrent.StoppableExecutorImpl$1.run(StoppableExecutorImpl.java:40)
	at java.util.concurrent.ThreadPoolExecutor.runWorker(ThreadPoolExecutor.java:1142)
	at java.util.concurrent.ThreadPoolExecutor$Worker.run(ThreadPoolExecutor.java:617)
	at java.lang.Thread.run(Thread.java:745)
</failure>
  </testcase>
  <system-out><![CDATA[12:54:47,042 |-INFO in ch.qos.logback.classic.LoggerContext[default] - Found resource [logback-test.xml] at [file:/Users/elliot/IdeaProjects/daoDemo/build/resources/test/logback-test.xml]
12:54:47,095 |-INFO in ch.qos.logback.classic.joran.action.ConfigurationAction - debug attribute not set
12:54:47,096 |-INFO in ch.qos.logback.core.joran.action.TimestampAction - Using current interpretation time, i.e. now, as time reference.
12:54:47,097 |-INFO in ch.qos.logback.core.joran.action.TimestampAction - Adding property to the context with key="date" and value="2017_02_20" to the LOCAL scope
12:54:47,098 |-INFO in ch.qos.logback.core.joran.action.AppenderAction - About to instantiate appender of type [ch.qos.logback.core.ConsoleAppender]
12:54:47,105 |-INFO in ch.qos.logback.core.joran.action.AppenderAction - Naming appender as [stdout]
12:54:47,131 |-WARN in ch.qos.logback.core.ConsoleAppender[stdout] - This appender no longer admits a layout as a sub-component, set an encoder instead.
12:54:47,131 |-WARN in ch.qos.logback.core.ConsoleAppender[stdout] - To ensure compatibility, wrapping your layout in LayoutWrappingEncoder.
12:54:47,131 |-WARN in ch.qos.logback.core.ConsoleAppender[stdout] - See also http://logback.qos.ch/codes.html#layoutInsteadOfEncoder for details
12:54:47,131 |-INFO in ch.qos.logback.core.joran.action.AppenderAction - About to instantiate appender of type [ch.qos.logback.core.FileAppender]
12:54:47,133 |-INFO in ch.qos.logback.core.joran.action.AppenderAction - Naming appender as [file]
12:54:47,135 |-WARN in ch.qos.logback.core.FileAppender[file] - This appender no longer admits a layout as a sub-component, set an encoder instead.
12:54:47,135 |-WARN in ch.qos.logback.core.FileAppender[file] - To ensure compatibility, wrapping your layout in LayoutWrappingEncoder.
12:54:47,135 |-WARN in ch.qos.logback.core.FileAppender[file] - See also http://logback.qos.ch/codes.html#layoutInsteadOfEncoder for details
12:54:47,135 |-INFO in ch.qos.logback.core.FileAppender[file] - File property is set to [logs/foo_2017_02_20.log]
12:54:47,136 |-INFO in ch.qos.logback.core.joran.action.AppenderAction - About to instantiate appender of type [ch.qos.logback.core.rolling.RollingFileAppender]
12:54:47,137 |-INFO in ch.qos.logback.core.joran.action.AppenderAction - Naming appender as [roo]
12:54:47,143 |-INFO in c.q.l.core.rolling.TimeBasedRollingPolicy@593851495 - No compression will be used
12:54:47,144 |-INFO in c.q.l.core.rolling.TimeBasedRollingPolicy@593851495 - Will use the pattern logs/%d{yyyy/MM/dd}/roo.log for the active file
12:54:47,147 |-INFO in c.q.l.core.rolling.DefaultTimeBasedFileNamingAndTriggeringPolicy - The date pattern is 'yyyy/MM/dd' from file name pattern 'logs/%d{yyyy/MM/dd}/roo.log'.
12:54:47,147 |-INFO in c.q.l.core.rolling.DefaultTimeBasedFileNamingAndTriggeringPolicy - Roll-over at midnight.
12:54:47,150 |-INFO in c.q.l.core.rolling.DefaultTimeBasedFileNamingAndTriggeringPolicy - Setting initial period to Mon Feb 20 12:54:47 CST 2017
12:54:47,152 |-INFO in ch.qos.logback.core.joran.action.NestedComplexPropertyIA - Assuming default type [ch.qos.logback.classic.encoder.PatternLayoutEncoder] for [encoder] property
12:54:47,154 |-INFO in ch.qos.logback.core.rolling.RollingFileAppender[roo] - Active log file name: logs/2017/02/20/roo.log
12:54:47,154 |-INFO in ch.qos.logback.core.rolling.RollingFileAppender[roo] - File property is set to [null]
12:54:47,155 |-INFO in ch.qos.logback.classic.joran.action.LoggerAction - Setting level of logger [org.elliot] to DEBUG
12:54:47,155 |-INFO in ch.qos.logback.classic.joran.action.RootLoggerAction - Setting level of ROOT logger to INFO
12:54:47,155 |-INFO in ch.qos.logback.core.joran.action.AppenderRefAction - Attaching appender named [stdout] to Logger[ROOT]
12:54:47,156 |-INFO in ch.qos.logback.core.joran.action.AppenderRefAction - Attaching appender named [file] to Logger[ROOT]
12:54:47,156 |-INFO in ch.qos.logback.core.joran.action.AppenderRefAction - Attaching appender named [roo] to Logger[ROOT]
12:54:47,156 |-INFO in ch.qos.logback.classic.joran.action.ConfigurationAction - End of configuration.
12:54:47,156 |-INFO in ch.qos.logback.classic.joran.JoranConfigurator@5954f677 - Registering current configuration as safe fallback point

12:54:47.270 [Test worker] INFO  org.hibernate.Version - HHH000412: Hibernate Core {5.2.7.Final}
12:54:47.274 [Test worker] INFO  org.hibernate.cfg.Environment - HHH000206: hibernate.properties not found
12:54:47.297 [Test worker] WARN  org.hibernate.orm.deprecation - HHH90000012: Recognized obsolete hibernate namespace http://hibernate.sourceforge.net/hibernate-configuration. Use namespace http://www.hibernate.org/dtd/hibernate-configuration instead.  Support for obsolete DTD/XSD namespaces may be removed at any time.
12:54:47.594 [Test worker] INFO  org.hibernate.annotations.common.Version - HCANN000001: Hibernate Commons Annotations {5.0.1.Final}
]]></system-out>
  <system-err><![CDATA[]]></system-err>
</testsuite>
