<?xml version="1.0" encoding="UTF-8"?>
<testsuite name="tw.elliot.dao.jdbc.L3UserDaoTest" tests="1" skipped="0" failures="0" errors="0" timestamp="2017-02-20T04:55:00" hostname="Elliots-MacBook-Pro.local" time="0.004">
  <properties/>
  <testcase name="testInit" classname="tw.elliot.dao.jdbc.L3UserDaoTest" time="0.004"/>
  <system-out><![CDATA[12:55:00.171 [Test worker] INFO  org.springframework.test.context.support.DefaultTestContextBootstrapper - Loaded default TestExecutionListener class names from location [META-INF/spring.factories]: [org.springframework.test.context.web.ServletTestExecutionListener, org.springframework.test.context.support.DirtiesContextBeforeModesTestExecutionListener, org.springframework.test.context.support.DependencyInjectionTestExecutionListener, org.springframework.test.context.support.DirtiesContextTestExecutionListener, org.springframework.test.context.transaction.TransactionalTestExecutionListener, org.springframework.test.context.jdbc.SqlScriptsTestExecutionListener]
12:55:00.172 [Test worker] INFO  org.springframework.test.context.support.DefaultTestContextBootstrapper - Using TestExecutionListeners: [org.springframework.test.context.web.ServletTestExecutionListener@16793749, org.springframework.test.context.support.DirtiesContextBeforeModesTestExecutionListener@45fbc3f6, org.springframework.test.context.support.DependencyInjectionTestExecutionListener@13933940, org.springframework.test.context.support.DirtiesContextTestExecutionListener@5bc33b6a, org.springframework.test.context.transaction.TransactionalTestExecutionListener@4df9c24, org.springframework.test.context.jdbc.SqlScriptsTestExecutionListener@1f200b3a]
12:55:00.187 [Test worker] INFO  org.springframework.test.context.transaction.TransactionContext - Began transaction (1) for test context [DefaultTestContext@214f6918 testClass = L3UserDaoTest, testInstance = tw.elliot.dao.jdbc.L3UserDaoTest@7278a0fd, testMethod = testInit@L3UserDaoTest, testException = [null], mergedContextConfiguration = [MergedContextConfiguration@157368a7 testClass = L3UserDaoTest, locations = '{classpath:/tw/elliot/dao/jdbc/JdbcContext.xml}', classes = '{}', contextInitializerClasses = '[]', activeProfiles = '{}', propertySourceLocations = '{}', propertySourceProperties = '{}', contextCustomizers = set[[empty]], contextLoader = 'org.springframework.test.context.support.DelegatingSmartContextLoader', parent = [null]]]; transaction manager [org.springframework.jdbc.datasource.DataSourceTransactionManager@46885252]; rollback [true]
12:55:00.190 [Test worker] INFO  org.springframework.test.context.transaction.TransactionContext - Rolled back transaction for test context [DefaultTestContext@214f6918 testClass = L3UserDaoTest, testInstance = tw.elliot.dao.jdbc.L3UserDaoTest@7278a0fd, testMethod = testInit@L3UserDaoTest, testException = [null], mergedContextConfiguration = [MergedContextConfiguration@157368a7 testClass = L3UserDaoTest, locations = '{classpath:/tw/elliot/dao/jdbc/JdbcContext.xml}', classes = '{}', contextInitializerClasses = '[]', activeProfiles = '{}', propertySourceLocations = '{}', propertySourceProperties = '{}', contextCustomizers = set[[empty]], contextLoader = 'org.springframework.test.context.support.DelegatingSmartContextLoader', parent = [null]]].
]]></system-out>
  <system-err><![CDATA[]]></system-err>
</testsuite>
