<?xml version="1.0" encoding="UTF-8"?>
<testsuite name="tw.elliot.dao.jdbc.L1UserDaoTest" tests="1" skipped="0" failures="0" errors="0" timestamp="2017-02-20T04:54:59" hostname="Elliots-MacBook-Pro.local" time="0.022">
  <properties/>
  <testcase name="testInit" classname="tw.elliot.dao.jdbc.L1UserDaoTest" time="0.022"/>
  <system-out><![CDATA[12:54:59.835 [Test worker] INFO  org.springframework.test.context.support.DefaultTestContextBootstrapper - Loaded default TestExecutionListener class names from location [META-INF/spring.factories]: [org.springframework.test.context.web.ServletTestExecutionListener, org.springframework.test.context.support.DirtiesContextBeforeModesTestExecutionListener, org.springframework.test.context.support.DependencyInjectionTestExecutionListener, org.springframework.test.context.support.DirtiesContextTestExecutionListener, org.springframework.test.context.transaction.TransactionalTestExecutionListener, org.springframework.test.context.jdbc.SqlScriptsTestExecutionListener]
12:54:59.836 [Test worker] INFO  org.springframework.test.context.support.DefaultTestContextBootstrapper - Using TestExecutionListeners: [org.springframework.test.context.web.ServletTestExecutionListener@3e2b96b3, org.springframework.test.context.support.DirtiesContextBeforeModesTestExecutionListener@6c42a820, org.springframework.test.context.support.DependencyInjectionTestExecutionListener@2c18d2c7, org.springframework.test.context.support.DirtiesContextTestExecutionListener@76110166, org.springframework.test.context.transaction.TransactionalTestExecutionListener@14ed9f19, org.springframework.test.context.jdbc.SqlScriptsTestExecutionListener@6d97360c]
12:54:59.836 [Test worker] INFO  org.springframework.beans.factory.xml.XmlBeanDefinitionReader - Loading XML bean definitions from class path resource [tw/elliot/dao/jdbc/JdbcContext.xml]
12:54:59.864 [Test worker] INFO  org.springframework.context.support.GenericApplicationContext - Refreshing org.springframework.context.support.GenericApplicationContext@7735f93: startup date [Mon Feb 20 12:54:59 CST 2017]; root of context hierarchy
12:54:59.872 [Test worker] INFO  org.springframework.context.support.PropertySourcesPlaceholderConfigurer - Loading properties file from class path resource [tw/elliot/dao/jdbc/system.properties]
12:54:59.967 [Test worker] INFO  com.mchange.v2.c3p0.impl.AbstractPoolBackedDataSource - Initializing c3p0 pool... com.mchange.v2.c3p0.ComboPooledDataSource [ acquireIncrement -> 3, acquireRetryAttempts -> 30, acquireRetryDelay -> 1000, autoCommitOnClose -> false, automaticTestTable -> null, breakAfterAcquireFailure -> false, checkoutTimeout -> 0, connectionCustomizerClassName -> null, connectionTesterClassName -> com.mchange.v2.c3p0.impl.DefaultConnectionTester, contextClassLoaderSource -> caller, dataSourceName -> 1hge3359moxpklxgxke6|ea42b, debugUnreturnedConnectionStackTraces -> false, description -> null, driverClass -> org.h2.Driver, extensions -> {}, factoryClassLocation -> null, forceIgnoreUnresolvedTransactions -> false, forceSynchronousCheckins -> false, forceUseNamedDriverClass -> false, identityToken -> 1hge3359moxpklxgxke6|ea42b, idleConnectionTestPeriod -> 0, initialPoolSize -> 3, jdbcUrl -> jdbc:h2:tcp://localhost/~/test, maxAdministrativeTaskTime -> 0, maxConnectionAge -> 0, maxIdleTime -> 0, maxIdleTimeExcessConnections -> 0, maxPoolSize -> 15, maxStatements -> 0, maxStatementsPerConnection -> 0, minPoolSize -> 3, numHelperThreads -> 3, preferredTestQuery -> null, privilegeSpawnedThreads -> false, properties -> {user=******, password=******}, propertyCycle -> 0, statementCacheNumDeferredCloseThreads -> 0, testConnectionOnCheckin -> false, testConnectionOnCheckout -> false, unreturnedConnectionTimeout -> 0, userOverrides -> {}, usesTraditionalReflectiveProxies -> false ]
]]></system-out>
  <system-err><![CDATA[]]></system-err>
</testsuite>
